0 info it worked if it ends with ok
1 verbose cli [ '/usr/bin/node', '/usr/bin/npm', 'run', 'build-css' ]
2 info using npm@1.4.28
3 info using node@v0.10.37
4 verbose node symlink /usr/bin/node
5 verbose run-script [ 'prebuild-css', 'build-css', 'postbuild-css' ]
6 info prebuild-css sixteens@0.0.1
7 info build-css sixteens@0.0.1
8 verbose unsafe-perm in lifecycle true
9 info sixteens@0.0.1 Failed to exec build-css script
10 error sixteens@0.0.1 build-css: `mkdir -pv dist/css  && ./node_modules/node-sass/bin/node-sass --output-style compressed scss/main.scss dist/css/main.css`
10 error Exit status 1
11 error Failed at the sixteens@0.0.1 build-css script.
11 error This is most likely a problem with the sixteens package,
11 error not with npm itself.
11 error Tell the author that this fails on your system:
11 error     mkdir -pv dist/css  && ./node_modules/node-sass/bin/node-sass --output-style compressed scss/main.scss dist/css/main.css
11 error You can get their info via:
11 error     npm owner ls sixteens
11 error There is likely additional logging output above.
12 error System Linux 3.8.11
13 error command "/usr/bin/node" "/usr/bin/npm" "run" "build-css"
14 error cwd /home/crispin/Documents/Git/snap
15 error node -v v0.10.37
16 error npm -v 1.4.28
17 error code ELIFECYCLE
18 verbose exit [ 1, true ]
